  [1m[35m (230.1ms)[0m  [1m[35mCREATE DATABASE "Customers_development" ENCODING = 'unicode'[0m
  [1m[35m (57.6ms)[0m  [1m[35mCREATE DATABASE "Customers_test" ENCODING = 'unicode'[0m
  [1m[35m (7.1ms)[0m  [1m[35mCREATE TABLE "schema_migrations" ("version" character varying NOT NULL PRIMARY KEY)[0m
  [1m[35m (5.9ms)[0m  [1m[35mCREATE TABLE "ar_internal_metadata" ("key" character varying NOT NULL PRIMARY KEY, "value" character varying, "created_at" timestamp(6) NOT NULL, "updated_at" timestamp(6) NOT NULL)[0m
  [1m[35m (0.2ms)[0m  [1m[34mSELECT pg_try_advisory_lock(1610538915785132655)[0m
  [1m[35m (0.4ms)[0m  [1m[34mSELECT "schema_migrations"."version" FROM "schema_migrations" ORDER BY "schema_migrations"."version" ASC[0m
Migrating to CreateUsers (20220506092627)
  [1m[35m (0.2ms)[0m  [1m[35mBEGIN[0m
  [1m[35m (7.2ms)[0m  [1m[35mCREATE TABLE "users" ("id" bigserial primary key, "email" character varying, "name" character varying, "type" integer, "created_at" timestamp(6) NOT NULL, "updated_at" timestamp(6) NOT NULL)[0m
  [1m[36mActiveRecord::SchemaMigration Create (0.7ms)[0m  [1m[32mINSERT INTO "schema_migrations" ("version") VALUES ($1) RETURNING "version"[0m  [["version", "20220506092627"]]
  [1m[35m (0.8ms)[0m  [1m[35mCOMMIT[0m
Migrating to CreateSuggestions (20220506093031)
  [1m[35m (0.3ms)[0m  [1m[35mBEGIN[0m
  [1m[35m (6.5ms)[0m  [1m[35mCREATE TABLE "suggestions" ("id" bigserial primary key, "user_id" bigint NOT NULL, "title" character varying, "body" text, "created_at" timestamp(6) NOT NULL, "updated_at" timestamp(6) NOT NULL, CONSTRAINT "fk_rails_e40b042562"
FOREIGN KEY ("user_id")
  REFERENCES "users" ("id")
)[0m
  [1m[35m (2.1ms)[0m  [1m[35mCREATE  INDEX  "index_suggestions_on_user_id" ON "suggestions"  ("user_id")[0m
  [1m[36mActiveRecord::SchemaMigration Create (0.3ms)[0m  [1m[32mINSERT INTO "schema_migrations" ("version") VALUES ($1) RETURNING "version"[0m  [["version", "20220506093031"]]
  [1m[35m (0.9ms)[0m  [1m[35mCOMMIT[0m
  [1m[36mActiveRecord::InternalMetadata Load (0.4ms)[0m  [1m[34mSELECT "ar_internal_metadata".* FROM "ar_internal_metadata" WHERE "ar_internal_metadata"."key" = $1 LIMIT $2[0m  [["key", "environment"], ["LIMIT", 1]]
  [1m[35m (0.2ms)[0m  [1m[35mBEGIN[0m
  [1m[36mActiveRecord::InternalMetadata Create (0.5ms)[0m  [1m[32mINSERT INTO "ar_internal_metadata" ("key", "value", "created_at", "updated_at") VALUES ($1, $2, $3, $4) RETURNING "key"[0m  [["key", "environment"], ["value", "development"], ["created_at", "2022-05-06 09:31:01.440586"], ["updated_at", "2022-05-06 09:31:01.440586"]]
  [1m[35m (0.5ms)[0m  [1m[35mCOMMIT[0m
  [1m[35m (0.2ms)[0m  [1m[34mSELECT pg_advisory_unlock(1610538915785132655)[0m
  [1m[35m (0.8ms)[0m  [1m[34mSELECT "schema_migrations"."version" FROM "schema_migrations" ORDER BY "schema_migrations"."version" ASC[0m
  [1m[35m (0.5ms)[0m  [1m[34mSELECT "schema_migrations"."version" FROM "schema_migrations" ORDER BY "schema_migrations"."version" ASC[0m
  [1m[35m (0.2ms)[0m  [1m[35mBEGIN[0m
  [1m[36mUser Create (1.3ms)[0m  [1m[32mINSERT INTO "users" ("email", "name", "created_at", "updated_at") VALUES ($1, $2, $3, $4) RETURNING "id"[0m  [["email", "dexter@mann-gulgowski.io"], ["name", "Towanda O'Keefe"], ["created_at", "2022-05-06 10:28:32.302162"], ["updated_at", "2022-05-06 10:28:32.302162"]]
  [1m[35m (0.5ms)[0m  [1m[35mCOMMIT[0m
  [1m[35m (0.5ms)[0m  [1m[34mSELECT "schema_migrations"."version" FROM "schema_migrations" ORDER BY "schema_migrations"."version" ASC[0m
  [1m[35m (0.1ms)[0m  [1m[35mBEGIN[0m
  [1m[36mUser Create (0.4ms)[0m  [1m[32mINSERT INTO "users" ("email", "name", "created_at", "updated_at") VALUES ($1, $2, $3, $4) RETURNING "id"[0m  [["email", "madalyn@tremblay-feest.biz"], ["name", "Rich Bode Ret."], ["created_at", "2022-05-06 10:31:31.236285"], ["updated_at", "2022-05-06 10:31:31.236285"]]
  [1m[35m (0.5ms)[0m  [1m[35mCOMMIT[0m
  [1m[35m (0.2ms)[0m  [1m[35mBEGIN[0m
  [1m[36mSuggestion Create (1.7ms)[0m  [1m[32mINSERT INTO "suggestions" ("user_id", "title", "body", "created_at", "updated_at") VALUES ($1, $2, $3, $4, $5) RETURNING "id"[0m  [["user_id", 2], ["title", "Corporis a consectetur."], ["body", "Est debitis delectus. Itaque voluptas eum. Minima quo at."], ["created_at", "2022-05-06 10:31:31.264611"], ["updated_at", "2022-05-06 10:31:31.264611"]]
  [1m[35m (0.5ms)[0m  [1m[35mCOMMIT[0m
  [1m[35m (0.2ms)[0m  [1m[35mBEGIN[0m
  [1m[36mSuggestion Create (0.4ms)[0m  [1m[32mINSERT INTO "suggestions" ("user_id", "title", "body", "created_at", "updated_at") VALUES ($1, $2, $3, $4, $5) RETURNING "id"[0m  [["user_id", 2], ["title", "Rerum aut maiores."], ["body", "Impedit accusamus omnis. Et non totam. Dolorum perferendis error."], ["created_at", "2022-05-06 10:31:31.270951"], ["updated_at", "2022-05-06 10:31:31.270951"]]
  [1m[35m (0.5ms)[0m  [1m[35mCOMMIT[0m
  [1m[35m (0.2ms)[0m  [1m[35mBEGIN[0m
  [1m[36mSuggestion Create (0.4ms)[0m  [1m[32mINSERT INTO "suggestions" ("user_id", "title", "body", "created_at", "updated_at") VALUES ($1, $2, $3, $4, $5) RETURNING "id"[0m  [["user_id", 2], ["title", "Dicta doloremque iusto."], ["body", "Eos voluptates omnis. Quam et necessitatibus. Harum at sit."], ["created_at", "2022-05-06 10:31:31.275406"], ["updated_at", "2022-05-06 10:31:31.275406"]]
  [1m[35m (0.5ms)[0m  [1m[35mCOMMIT[0m
  [1m[35m (0.2ms)[0m  [1m[35mBEGIN[0m
  [1m[36mSuggestion Create (0.4ms)[0m  [1m[32mINSERT INTO "suggestions" ("user_id", "title", "body", "created_at", "updated_at") VALUES ($1, $2, $3, $4, $5) RETURNING "id"[0m  [["user_id", 2], ["title", "Rerum dolores reiciendis."], ["body", "Ut et perferendis. Reiciendis eius quam. Iste temporibus id."], ["created_at", "2022-05-06 10:31:31.279834"], ["updated_at", "2022-05-06 10:31:31.279834"]]
  [1m[35m (0.5ms)[0m  [1m[35mCOMMIT[0m
  [1m[35m (0.2ms)[0m  [1m[35mBEGIN[0m
  [1m[36mSuggestion Create (0.4ms)[0m  [1m[32mINSERT INTO "suggestions" ("user_id", "title", "body", "created_at", "updated_at") VALUES ($1, $2, $3, $4, $5) RETURNING "id"[0m  [["user_id", 2], ["title", "Ut nisi nulla."], ["body", "Vero fugit ad. Alias aut fugit. Dolores ut incidunt."], ["created_at", "2022-05-06 10:31:31.284262"], ["updated_at", "2022-05-06 10:31:31.284262"]]
  [1m[35m (0.5ms)[0m  [1m[35mCOMMIT[0m
  [1m[35m (0.2ms)[0m  [1m[35mBEGIN[0m
  [1m[36mUser Create (0.3ms)[0m  [1m[32mINSERT INTO "users" ("email", "name", "created_at", "updated_at") VALUES ($1, $2, $3, $4) RETURNING "id"[0m  [["email", "orval@sauer.name"], ["name", "Fr. Ami Morissette"], ["created_at", "2022-05-06 10:31:31.289066"], ["updated_at", "2022-05-06 10:31:31.289066"]]
  [1m[35m (0.9ms)[0m  [1m[35mCOMMIT[0m
  [1m[35m (0.2ms)[0m  [1m[35mBEGIN[0m
  [1m[36mSuggestion Create (0.4ms)[0m  [1m[32mINSERT INTO "suggestions" ("user_id", "title", "body", "created_at", "updated_at") VALUES ($1, $2, $3, $4, $5) RETURNING "id"[0m  [["user_id", 3], ["title", "Aliquid est fuga."], ["body", "At non autem. Reprehenderit quia nostrum. Dolore inventore voluptas."], ["created_at", "2022-05-06 10:31:31.294009"], ["updated_at", "2022-05-06 10:31:31.294009"]]
  [1m[35m (0.8ms)[0m  [1m[35mCOMMIT[0m
  [1m[35m (0.2ms)[0m  [1m[35mBEGIN[0m
  [1m[36mSuggestion Create (0.3ms)[0m  [1m[32mINSERT INTO "suggestions" ("user_id", "title", "body", "created_at", "updated_at") VALUES ($1, $2, $3, $4, $5) RETURNING "id"[0m  [["user_id", 3], ["title", "Dicta suscipit impedit."], ["body", "Hic tempora laboriosam. Eum totam velit. Consequatur quaerat et."], ["created_at", "2022-05-06 10:31:31.298818"], ["updated_at", "2022-05-06 10:31:31.298818"]]
  [1m[35m (0.9ms)[0m  [1m[35mCOMMIT[0m
  [1m[35m (0.2ms)[0m  [1m[35mBEGIN[0m
  [1m[36mSuggestion Create (0.3ms)[0m  [1m[32mINSERT INTO "suggestions" ("user_id", "title", "body", "created_at", "updated_at") VALUES ($1, $2, $3, $4, $5) RETURNING "id"[0m  [["user_id", 3], ["title", "Harum esse non."], ["body", "Provident placeat id. Minus blanditiis voluptates. Eligendi nemo ea."], ["created_at", "2022-05-06 10:31:31.303903"], ["updated_at", "2022-05-06 10:31:31.303903"]]
  [1m[35m (0.8ms)[0m  [1m[35mCOMMIT[0m
  [1m[35m (0.2ms)[0m  [1m[35mBEGIN[0m
  [1m[36mSuggestion Create (0.3ms)[0m  [1m[32mINSERT INTO "suggestions" ("user_id", "title", "body", "created_at", "updated_at") VALUES ($1, $2, $3, $4, $5) RETURNING "id"[0m  [["user_id", 3], ["title", "Sequi incidunt eligendi."], ["body", "Animi id eligendi. Et consequatur ducimus. Aut quia consequatur."], ["created_at", "2022-05-06 10:31:31.308998"], ["updated_at", "2022-05-06 10:31:31.308998"]]
  [1m[35m (0.6ms)[0m  [1m[35mCOMMIT[0m
  [1m[35m (0.2ms)[0m  [1m[35mBEGIN[0m
  [1m[36mSuggestion Create (0.3ms)[0m  [1m[32mINSERT INTO "suggestions" ("user_id", "title", "body", "created_at", "updated_at") VALUES ($1, $2, $3, $4, $5) RETURNING "id"[0m  [["user_id", 3], ["title", "Similique ipsam fuga."], ["body", "Ut voluptates consequuntur. Porro nobis exercitationem. Quis quos voluptates."], ["created_at", "2022-05-06 10:31:31.313865"], ["updated_at", "2022-05-06 10:31:31.313865"]]
  [1m[35m (0.6ms)[0m  [1m[35mCOMMIT[0m
  [1m[35m (0.2ms)[0m  [1m[35mBEGIN[0m
  [1m[36mUser Create (0.3ms)[0m  [1m[32mINSERT INTO "users" ("email", "name", "created_at", "updated_at") VALUES ($1, $2, $3, $4) RETURNING "id"[0m  [["email", "steven@sporer-dietrich.name"], ["name", "Lyle Walsh"], ["created_at", "2022-05-06 10:31:31.319028"], ["updated_at", "2022-05-06 10:31:31.319028"]]
  [1m[35m (0.9ms)[0m  [1m[35mCOMMIT[0m
  [1m[35m (0.2ms)[0m  [1m[35mBEGIN[0m
  [1m[36mSuggestion Create (0.3ms)[0m  [1m[32mINSERT INTO "suggestions" ("user_id", "title", "body", "created_at", "updated_at") VALUES ($1, $2, $3, $4, $5) RETURNING "id"[0m  [["user_id", 4], ["title", "Officia hic aut."], ["body", "Enim assumenda ex. Ipsum iusto corporis. Repellendus voluptates qui."], ["created_at", "2022-05-06 10:31:31.324373"], ["updated_at", "2022-05-06 10:31:31.324373"]]
  [1m[35m (0.9ms)[0m  [1m[35mCOMMIT[0m
  [1m[35m (0.2ms)[0m  [1m[35mBEGIN[0m
  [1m[36mSuggestion Create (0.3ms)[0m  [1m[32mINSERT INTO "suggestions" ("user_id", "title", "body", "created_at", "updated_at") VALUES ($1, $2, $3, $4, $5) RETURNING "id"[0m  [["user_id", 4], ["title", "Officia asperiores assumenda."], ["body", "Eaque corrupti accusamus. Consequatur pariatur voluptatum. Ex voluptate sint."], ["created_at", "2022-05-06 10:31:31.329664"], ["updated_at", "2022-05-06 10:31:31.329664"]]
  [1m[35m (0.8ms)[0m  [1m[35mCOMMIT[0m
  [1m[35m (0.2ms)[0m  [1m[35mBEGIN[0m
  [1m[36mSuggestion Create (0.3ms)[0m  [1m[32mINSERT INTO "suggestions" ("user_id", "title", "body", "created_at", "updated_at") VALUES ($1, $2, $3, $4, $5) RETURNING "id"[0m  [["user_id", 4], ["title", "Esse qui consequatur."], ["body", "Voluptatem quo delectus. Nulla fugiat veritatis. Ipsum mollitia eaque."], ["created_at", "2022-05-06 10:31:31.334786"], ["updated_at", "2022-05-06 10:31:31.334786"]]
  [1m[35m (0.7ms)[0m  [1m[35mCOMMIT[0m
  [1m[35m (0.2ms)[0m  [1m[35mBEGIN[0m
  [1m[36mSuggestion Create (0.3ms)[0m  [1m[32mINSERT INTO "suggestions" ("user_id", "title", "body", "created_at", "updated_at") VALUES ($1, $2, $3, $4, $5) RETURNING "id"[0m  [["user_id", 4], ["title", "Necessitatibus quos unde."], ["body", "Est ipsa explicabo. Id molestiae sequi. Quae rerum qui."], ["created_at", "2022-05-06 10:31:31.339894"], ["updated_at", "2022-05-06 10:31:31.339894"]]
  [1m[35m (0.5ms)[0m  [1m[35mCOMMIT[0m
  [1m[35m (0.2ms)[0m  [1m[35mBEGIN[0m
  [1m[36mSuggestion Create (0.3ms)[0m  [1m[32mINSERT INTO "suggestions" ("user_id", "title", "body", "created_at", "updated_at") VALUES ($1, $2, $3, $4, $5) RETURNING "id"[0m  [["user_id", 4], ["title", "Unde nihil nisi."], ["body", "Tenetur iste voluptas. Eveniet perspiciatis qui. Adipisci tenetur doloribus."], ["created_at", "2022-05-06 10:31:31.344815"], ["updated_at", "2022-05-06 10:31:31.344815"]]
  [1m[35m (0.8ms)[0m  [1m[35mCOMMIT[0m
  [1m[35m (0.2ms)[0m  [1m[35mBEGIN[0m
  [1m[36mUser Create (0.3ms)[0m  [1m[32mINSERT INTO "users" ("email", "name", "created_at", "updated_at") VALUES ($1, $2, $3, $4) RETURNING "id"[0m  [["email", "long.brown@kilback.biz"], ["name", "Michael Schamberger"], ["created_at", "2022-05-06 10:31:31.350053"], ["updated_at", "2022-05-06 10:31:31.350053"]]
  [1m[35m (0.7ms)[0m  [1m[35mCOMMIT[0m
  [1m[35m (0.2ms)[0m  [1m[35mBEGIN[0m
  [1m[36mSuggestion Create (0.3ms)[0m  [1m[32mINSERT INTO "suggestions" ("user_id", "title", "body", "created_at", "updated_at") VALUES ($1, $2, $3, $4, $5) RETURNING "id"[0m  [["user_id", 5], ["title", "Placeat ab quisquam."], ["body", "Modi officia itaque. Ut rem dolorem. Quis non repellendus."], ["created_at", "2022-05-06 10:31:31.355075"], ["updated_at", "2022-05-06 10:31:31.355075"]]
  [1m[35m (4.9ms)[0m  [1m[35mCOMMIT[0m
  [1m[35m (0.2ms)[0m  [1m[35mBEGIN[0m
  [1m[36mSuggestion Create (0.3ms)[0m  [1m[32mINSERT INTO "suggestions" ("user_id", "title", "body", "created_at", "updated_at") VALUES ($1, $2, $3, $4, $5) RETURNING "id"[0m  [["user_id", 5], ["title", "Voluptatem dolorem libero."], ["body", "Vel eos itaque. Nesciunt quam id. Libero neque molestiae."], ["created_at", "2022-05-06 10:31:31.364253"], ["updated_at", "2022-05-06 10:31:31.364253"]]
  [1m[35m (9.6ms)[0m  [1m[35mCOMMIT[0m
  [1m[35m (0.2ms)[0m  [1m[35mBEGIN[0m
  [1m[36mSuggestion Create (0.3ms)[0m  [1m[32mINSERT INTO "suggestions" ("user_id", "title", "body", "created_at", "updated_at") VALUES ($1, $2, $3, $4, $5) RETURNING "id"[0m  [["user_id", 5], ["title", "Nam ut eos."], ["body", "Eos perspiciatis aut. Ratione maxime doloribus. Qui deserunt molestias."], ["created_at", "2022-05-06 10:31:31.378013"], ["updated_at", "2022-05-06 10:31:31.378013"]]
  [1m[35m (2.3ms)[0m  [1m[35mCOMMIT[0m
  [1m[35m (0.2ms)[0m  [1m[35mBEGIN[0m
  [1m[36mSuggestion Create (0.3ms)[0m  [1m[32mINSERT INTO "suggestions" ("user_id", "title", "body", "created_at", "updated_at") VALUES ($1, $2, $3, $4, $5) RETURNING "id"[0m  [["user_id", 5], ["title", "Veniam eligendi mollitia."], ["body", "Deleniti possimus nihil. Soluta ab aut. Eos quasi non."], ["created_at", "2022-05-06 10:31:31.384553"], ["updated_at", "2022-05-06 10:31:31.384553"]]
  [1m[35m (0.7ms)[0m  [1m[35mCOMMIT[0m
  [1m[35m (0.2ms)[0m  [1m[35mBEGIN[0m
  [1m[36mSuggestion Create (0.3ms)[0m  [1m[32mINSERT INTO "suggestions" ("user_id", "title", "body", "created_at", "updated_at") VALUES ($1, $2, $3, $4, $5) RETURNING "id"[0m  [["user_id", 5], ["title", "Praesentium inventore cum."], ["body", "Sit velit quia. Est aut quos. Alias in ducimus."], ["created_at", "2022-05-06 10:31:31.389355"], ["updated_at", "2022-05-06 10:31:31.389355"]]
  [1m[35m (0.7ms)[0m  [1m[35mCOMMIT[0m
  [1m[35m (0.2ms)[0m  [1m[35mBEGIN[0m
  [1m[36mUser Create (0.3ms)[0m  [1m[32mINSERT INTO "users" ("email", "name", "created_at", "updated_at") VALUES ($1, $2, $3, $4) RETURNING "id"[0m  [["email", "alonzo_nicolas@predovic.com"], ["name", "Trinidad Armstrong"], ["created_at", "2022-05-06 10:31:31.394310"], ["updated_at", "2022-05-06 10:31:31.394310"]]
  [1m[35m (0.7ms)[0m  [1m[35mCOMMIT[0m
  [1m[35m (0.2ms)[0m  [1m[35mBEGIN[0m
  [1m[36mSuggestion Create (0.3ms)[0m  [1m[32mINSERT INTO "suggestions" ("user_id", "title", "body", "created_at", "updated_at") VALUES ($1, $2, $3, $4, $5) RETURNING "id"[0m  [["user_id", 6], ["title", "Voluptatem eaque neque."], ["body", "Sint cumque magni. Molestias natus dolorem. Sint mollitia provident."], ["created_at", "2022-05-06 10:31:31.406576"], ["updated_at", "2022-05-06 10:31:31.406576"]]
  [1m[35m (0.9ms)[0m  [1m[35mCOMMIT[0m
  [1m[35m (0.2ms)[0m  [1m[35mBEGIN[0m
  [1m[36mSuggestion Create (0.3ms)[0m  [1m[32mINSERT INTO "suggestions" ("user_id", "title", "body", "created_at", "updated_at") VALUES ($1, $2, $3, $4, $5) RETURNING "id"[0m  [["user_id", 6], ["title", "Repellendus voluptas quaerat."], ["body", "Fugiat deserunt amet. Earum amet adipisci. In itaque et."], ["created_at", "2022-05-06 10:31:31.411565"], ["updated_at", "2022-05-06 10:31:31.411565"]]
  [1m[35m (0.7ms)[0m  [1m[35mCOMMIT[0m
  [1m[35m (0.2ms)[0m  [1m[35mBEGIN[0m
  [1m[36mSuggestion Create (0.3ms)[0m  [1m[32mINSERT INTO "suggestions" ("user_id", "title", "body", "created_at", "updated_at") VALUES ($1, $2, $3, $4, $5) RETURNING "id"[0m  [["user_id", 6], ["title", "Et consequatur cum."], ["body", "Non molestiae pariatur. Tempora quos occaecati. Incidunt deserunt dolor."], ["created_at", "2022-05-06 10:31:31.416377"], ["updated_at", "2022-05-06 10:31:31.416377"]]
  [1m[35m (0.5ms)[0m  [1m[35mCOMMIT[0m
  [1m[35m (0.2ms)[0m  [1m[35mBEGIN[0m
  [1m[36mSuggestion Create (0.3ms)[0m  [1m[32mINSERT INTO "suggestions" ("user_id", "title", "body", "created_at", "updated_at") VALUES ($1, $2, $3, $4, $5) RETURNING "id"[0m  [["user_id", 6], ["title", "Dignissimos placeat impedit."], ["body", "Quos enim libero. Voluptatem eos magnam. Molestiae qui rem."], ["created_at", "2022-05-06 10:31:31.420966"], ["updated_at", "2022-05-06 10:31:31.420966"]]
  [1m[35m (0.5ms)[0m  [1m[35mCOMMIT[0m
  [1m[35m (0.2ms)[0m  [1m[35mBEGIN[0m
  [1m[36mSuggestion Create (0.3ms)[0m  [1m[32mINSERT INTO "suggestions" ("user_id", "title", "body", "created_at", "updated_at") VALUES ($1, $2, $3, $4, $5) RETURNING "id"[0m  [["user_id", 6], ["title", "Rerum quae molestias."], ["body", "Dolorem ut maxime. Ipsam magni qui. Repudiandae fugiat eveniet."], ["created_at", "2022-05-06 10:31:31.425514"], ["updated_at", "2022-05-06 10:31:31.425514"]]
  [1m[35m (0.6ms)[0m  [1m[35mCOMMIT[0m
  [1m[36mUser Load (0.3ms)[0m  [1m[34mSELECT "users".* FROM "users" LIMIT $1[0m  [["LIMIT", 11]]
  [1m[35m (1.2ms)[0m  [1m[34mSELECT COUNT(*) FROM "users"[0m
  [1m[35m (0.4ms)[0m  [1m[34mSELECT COUNT(*) FROM "suggestions"[0m
  [1m[36mSuggestion Load (0.7ms)[0m  [1m[34mSELECT "suggestions".* FROM "suggestions" LIMIT $1[0m  [["LIMIT", 11]]
  [1m[36mUser Load (0.7ms)[0m  [1m[34mSELECT "users".* FROM "users" ORDER BY "users"."id" DESC LIMIT $1[0m  [["LIMIT", 1]]
  [1m[36mSuggestion Load (0.4ms)[0m  [1m[34mSELECT "suggestions".* FROM "suggestions" WHERE "suggestions"."user_id" = $1 LIMIT $2[0m  [["user_id", 6], ["LIMIT", 11]]
  [1m[36mUser Load (0.7ms)[0m  [1m[34mSELECT "users".* FROM "users" ORDER BY "users"."id" DESC LIMIT $1[0m  [["LIMIT", 1]]
  [1m[35m (0.6ms)[0m  [1m[34mSELECT "suggestions"."id" FROM "suggestions" WHERE "suggestions"."user_id" = $1[0m  [["user_id", 6]]
Started GET "/" for ::1 at 2022-05-06 07:45:26 -0300
  [1m[35m (1.0ms)[0m  [1m[34mSELECT "schema_migrations"."version" FROM "schema_migrations" ORDER BY "schema_migrations"."version" ASC[0m
Processing by Rails::WelcomeController#index as HTML
  Rendering /home/guilherme/.rvm/gems/ruby-2.7.0/gems/railties-6.0.4.8/lib/rails/templates/rails/welcome/index.html.erb
  Rendered /home/guilherme/.rvm/gems/ruby-2.7.0/gems/railties-6.0.4.8/lib/rails/templates/rails/welcome/index.html.erb (Duration: 11.7ms | Allocations: 402)
Completed 200 OK in 19ms (Views: 16.2ms | ActiveRecord: 0.0ms | Allocations: 2204)


Started GET "/favicon.ico" for ::1 at 2022-05-06 07:45:27 -0300
  
ActionController::RoutingError (No route matches [GET] "/favicon.ico"):
  
actionpack (6.0.4.8) lib/action_dispatch/middleware/debug_exceptions.rb:36:in `call'
actionpack (6.0.4.8) lib/action_dispatch/middleware/show_exceptions.rb:33:in `call'
railties (6.0.4.8) lib/rails/rack/logger.rb:37:in `call_app'
railties (6.0.4.8) lib/rails/rack/logger.rb:26:in `block in call'
activesupport (6.0.4.8) lib/active_support/tagged_logging.rb:80:in `block in tagged'
activesupport (6.0.4.8) lib/active_support/tagged_logging.rb:28:in `tagged'
activesupport (6.0.4.8) lib/active_support/tagged_logging.rb:80:in `tagged'
railties (6.0.4.8) lib/rails/rack/logger.rb:26:in `call'
actionpack (6.0.4.8) lib/action_dispatch/middleware/remote_ip.rb:81:in `call'
actionpack (6.0.4.8) lib/action_dispatch/middleware/request_id.rb:27:in `call'
rack (2.2.3) lib/rack/runtime.rb:22:in `call'
activesupport (6.0.4.8) lib/active_support/cache/strategy/local_cache_middleware.rb:29:in `call'
actionpack (6.0.4.8) lib/action_dispatch/middleware/executor.rb:14:in `call'
actionpack (6.0.4.8) lib/action_dispatch/middleware/static.rb:126:in `call'
rack (2.2.3) lib/rack/sendfile.rb:110:in `call'
actionpack (6.0.4.8) lib/action_dispatch/middleware/host_authorization.rb:103:in `call'
railties (6.0.4.8) lib/rails/engine.rb:527:in `call'
puma (4.3.12) lib/puma/configuration.rb:228:in `call'
puma (4.3.12) lib/puma/server.rb:727:in `handle_request'
puma (4.3.12) lib/puma/server.rb:476:in `process_client'
puma (4.3.12) lib/puma/server.rb:332:in `block in run'
puma (4.3.12) lib/puma/thread_pool.rb:134:in `block in spawn_thread'
Started GET "/graphql" for ::1 at 2022-05-06 07:45:54 -0300
  
ActionController::RoutingError (No route matches [GET] "/graphql"):
  
actionpack (6.0.4.8) lib/action_dispatch/middleware/debug_exceptions.rb:36:in `call'
actionpack (6.0.4.8) lib/action_dispatch/middleware/show_exceptions.rb:33:in `call'
railties (6.0.4.8) lib/rails/rack/logger.rb:37:in `call_app'
railties (6.0.4.8) lib/rails/rack/logger.rb:26:in `block in call'
activesupport (6.0.4.8) lib/active_support/tagged_logging.rb:80:in `block in tagged'
activesupport (6.0.4.8) lib/active_support/tagged_logging.rb:28:in `tagged'
activesupport (6.0.4.8) lib/active_support/tagged_logging.rb:80:in `tagged'
railties (6.0.4.8) lib/rails/rack/logger.rb:26:in `call'
actionpack (6.0.4.8) lib/action_dispatch/middleware/remote_ip.rb:81:in `call'
actionpack (6.0.4.8) lib/action_dispatch/middleware/request_id.rb:27:in `call'
rack (2.2.3) lib/rack/runtime.rb:22:in `call'
activesupport (6.0.4.8) lib/active_support/cache/strategy/local_cache_middleware.rb:29:in `call'
actionpack (6.0.4.8) lib/action_dispatch/middleware/executor.rb:14:in `call'
actionpack (6.0.4.8) lib/action_dispatch/middleware/static.rb:126:in `call'
rack (2.2.3) lib/rack/sendfile.rb:110:in `call'
actionpack (6.0.4.8) lib/action_dispatch/middleware/host_authorization.rb:103:in `call'
railties (6.0.4.8) lib/rails/engine.rb:527:in `call'
puma (4.3.12) lib/puma/configuration.rb:228:in `call'
puma (4.3.12) lib/puma/server.rb:727:in `handle_request'
puma (4.3.12) lib/puma/server.rb:476:in `process_client'
puma (4.3.12) lib/puma/server.rb:332:in `block in run'
puma (4.3.12) lib/puma/thread_pool.rb:134:in `block in spawn_thread'
Started GET "/graphql" for ::1 at 2022-05-06 07:50:09 -0300
  [1m[35m (0.9ms)[0m  [1m[34mSELECT "schema_migrations"."version" FROM "schema_migrations" ORDER BY "schema_migrations"."version" ASC[0m
  
ActionController::RoutingError (No route matches [GET] "/graphql"):
  
actionpack (6.0.4.8) lib/action_dispatch/middleware/debug_exceptions.rb:36:in `call'
actionpack (6.0.4.8) lib/action_dispatch/middleware/show_exceptions.rb:33:in `call'
railties (6.0.4.8) lib/rails/rack/logger.rb:37:in `call_app'
railties (6.0.4.8) lib/rails/rack/logger.rb:26:in `block in call'
activesupport (6.0.4.8) lib/active_support/tagged_logging.rb:80:in `block in tagged'
activesupport (6.0.4.8) lib/active_support/tagged_logging.rb:28:in `tagged'
activesupport (6.0.4.8) lib/active_support/tagged_logging.rb:80:in `tagged'
railties (6.0.4.8) lib/rails/rack/logger.rb:26:in `call'
actionpack (6.0.4.8) lib/action_dispatch/middleware/remote_ip.rb:81:in `call'
actionpack (6.0.4.8) lib/action_dispatch/middleware/request_id.rb:27:in `call'
rack (2.2.3) lib/rack/runtime.rb:22:in `call'
activesupport (6.0.4.8) lib/active_support/cache/strategy/local_cache_middleware.rb:29:in `call'
actionpack (6.0.4.8) lib/action_dispatch/middleware/executor.rb:14:in `call'
actionpack (6.0.4.8) lib/action_dispatch/middleware/static.rb:126:in `call'
rack (2.2.3) lib/rack/sendfile.rb:110:in `call'
actionpack (6.0.4.8) lib/action_dispatch/middleware/host_authorization.rb:103:in `call'
railties (6.0.4.8) lib/rails/engine.rb:527:in `call'
puma (4.3.12) lib/puma/configuration.rb:228:in `call'
puma (4.3.12) lib/puma/server.rb:727:in `handle_request'
puma (4.3.12) lib/puma/server.rb:476:in `process_client'
puma (4.3.12) lib/puma/server.rb:332:in `block in run'
puma (4.3.12) lib/puma/thread_pool.rb:134:in `block in spawn_thread'
Started GET "/graphiql" for ::1 at 2022-05-06 07:50:31 -0300
Processing by GraphiQL::Rails::EditorsController#show as HTML
  Parameters: {"graphql_path"=>"graphql#execute"}
  Rendering /home/guilherme/.rvm/gems/ruby-2.7.0/gems/graphiql-rails-1.8.0/app/views/graphiql/rails/editors/show.html.erb
  Rendered /home/guilherme/.rvm/gems/ruby-2.7.0/gems/graphiql-rails-1.8.0/app/views/graphiql/rails/editors/show.html.erb (Duration: 30.7ms | Allocations: 10013)
Completed 500 Internal Server Error in 38ms (ActiveRecord: 0.0ms | Allocations: 11523)


  
ActionView::Template::Error (couldn't find file 'graphql/rails/application.css'
Checked in these paths: 
  /home/guilherme/cursos_projetos_particulares/GraphQL_with_Rails/Customers/app/assets/config
  /home/guilherme/.rvm/gems/ruby-2.7.0/gems/graphiql-rails-1.8.0/app/assets/javascripts
  /home/guilherme/.rvm/gems/ruby-2.7.0/gems/graphiql-rails-1.8.0/app/assets/stylesheets
  /home/guilherme/.rvm/gems/ruby-2.7.0/gems/actioncable-6.0.4.8/app/assets/javascripts
  /home/guilherme/.rvm/gems/ruby-2.7.0/gems/activestorage-6.0.4.8/app/assets/javascripts
  /home/guilherme/.rvm/gems/ruby-2.7.0/gems/actionview-6.0.4.8/lib/assets/compiled):
  
app/assets/config/manifest.js:1
Started GET "/graphiql" for ::1 at 2022-05-06 07:51:08 -0300
Processing by GraphiQL::Rails::EditorsController#show as HTML
  Parameters: {"graphql_path"=>"graphql#execute"}
  Rendering /home/guilherme/.rvm/gems/ruby-2.7.0/gems/graphiql-rails-1.8.0/app/views/graphiql/rails/editors/show.html.erb
  Rendered /home/guilherme/.rvm/gems/ruby-2.7.0/gems/graphiql-rails-1.8.0/app/views/graphiql/rails/editors/show.html.erb (Duration: 54.2ms | Allocations: 7067)
Completed 200 OK in 58ms (Views: 56.4ms | ActiveRecord: 0.0ms | Allocations: 7362)


Started GET "/assets/graphiql/rails/application-5bb68625e0c7ddf3eece980e20001faed96197d338dca5fa33e0f5da8a060deb.css" for ::1 at 2022-05-06 07:51:08 -0300
Started GET "/assets/graphiql/rails/application-d78230954080343c556e7465ad58ff8802dc2c2455d2e14983801a14c3dd0036.js" for ::1 at 2022-05-06 07:51:08 -0300
Started POST "/graphql" for ::1 at 2022-05-06 07:51:08 -0300
Processing by GraphqlController#execute as */*
  Parameters: {"query"=>"\n    query IntrospectionQuery {\n      __schema {\n        \n        queryType { name }\n        mutationType { name }\n        subscriptionType { name }\n        types {\n          ...FullType\n        }\n        directives {\n          name\n          description\n          \n          locations\n          args {\n            ...InputValue\n          }\n        }\n      }\n    }\n\n    fragment FullType on __Type {\n      kind\n      name\n      description\n      \n      fields(includeDeprecated: true) {\n        name\n        description\n        args {\n          ...InputValue\n        }\n        type {\n          ...TypeRef\n        }\n        isDeprecated\n        deprecationReason\n      }\n      inputFields {\n        ...InputValue\n      }\n      interfaces {\n        ...TypeRef\n      }\n      enumValues(includeDeprecated: true) {\n        name\n        description\n        isDeprecated\n        deprecationReason\n      }\n      possibleTypes {\n        ...TypeRef\n      }\n    }\n\n    fragment InputValue on __InputValue {\n      name\n      description\n      type { ...TypeRef }\n      defaultValue\n    }\n\n    fragment TypeRef on __Type {\n      kind\n      name\n      ofType {\n        kind\n        name\n        ofType {\n          kind\n          name\n          ofType {\n            kind\n            name\n            ofType {\n              kind\n              name\n              ofType {\n                kind\n                name\n                ofType {\n                  kind\n                  name\n                  ofType {\n                    kind\n                    name\n                  }\n                }\n              }\n            }\n          }\n        }\n      }\n    }\n  ", "operationName"=>"IntrospectionQuery", "graphql"=>{"query"=>"\n    query IntrospectionQuery {\n      __schema {\n        \n        queryType { name }\n        mutationType { name }\n        subscriptionType { name }\n        types {\n          ...FullType\n        }\n        directives {\n          name\n          description\n          \n          locations\n          args {\n            ...InputValue\n          }\n        }\n      }\n    }\n\n    fragment FullType on __Type {\n      kind\n      name\n      description\n      \n      fields(includeDeprecated: true) {\n        name\n        description\n        args {\n          ...InputValue\n        }\n        type {\n          ...TypeRef\n        }\n        isDeprecated\n        deprecationReason\n      }\n      inputFields {\n        ...InputValue\n      }\n      interfaces {\n        ...TypeRef\n      }\n      enumValues(includeDeprecated: true) {\n        name\n        description\n        isDeprecated\n        deprecationReason\n      }\n      possibleTypes {\n        ...TypeRef\n      }\n    }\n\n    fragment InputValue on __InputValue {\n      name\n      description\n      type { ...TypeRef }\n      defaultValue\n    }\n\n    fragment TypeRef on __Type {\n      kind\n      name\n      ofType {\n        kind\n        name\n        ofType {\n          kind\n          name\n          ofType {\n            kind\n            name\n            ofType {\n              kind\n              name\n              ofType {\n                kind\n                name\n                ofType {\n                  kind\n                  name\n                  ofType {\n                    kind\n                    name\n                  }\n                }\n              }\n            }\n          }\n        }\n      }\n    }\n  ", "operationName"=>"IntrospectionQuery"}}
Completed 200 OK in 91ms (Views: 17.9ms | ActiveRecord: 0.0ms | Allocations: 22391)


